2023-10-09 11:19:27,454 [INFO ]  Discretizing table takes 0.008853912353515625 secs
2023-10-09 11:19:27,454 [INFO ]  Learning BN optimal structure from data with 54920 rows and 2 cols
2023-10-09 11:19:27,612 [INFO ]  Structure learning took 0.15804409980773926 secs.
2023-10-09 11:19:27,613 [INFO ]  Model spec[('badges.UserId', 'badges.Date')]
2023-10-09 11:19:27,614 [INFO ]  calling pgm.BayesianModel.fit...
2023-10-09 11:19:27,632 [INFO ]  done, took 0.018655061721801758 secs.
2023-10-09 11:19:29,074 [INFO ]  Discretizing table takes 1.4364118576049805 secs
2023-10-09 11:19:29,074 [INFO ]  Learning BN optimal structure from data with 245295 rows and 5 cols
2023-10-09 11:19:29,951 [INFO ]  Structure learning took 0.8770973682403564 secs.
2023-10-09 11:19:29,953 [INFO ]  Model spec[('votes.UserId', 'votes.VoteTypeId'), ('votes.PostId', 'votes.CreationDate'), ('votes.CreationDate', 'votes.UserId'), ('votes.VoteTypeId', 'votes.BountyAmount')]
2023-10-09 11:19:29,953 [INFO ]  calling pgm.BayesianModel.fit...
2023-10-09 11:19:30,030 [INFO ]  done, took 0.07665872573852539 secs.
2023-10-09 11:19:30,140 [INFO ]  Discretizing table takes 0.08910155296325684 secs
2023-10-09 11:19:30,140 [INFO ]  Learning BN optimal structure from data with 214690 rows and 4 cols
2023-10-09 11:19:31,288 [INFO ]  Structure learning took 1.1480135917663574 secs.
2023-10-09 11:19:31,290 [INFO ]  Model spec[('postHistory.CreationDate', 'postHistory.PostId'), ('postHistory.UserId', 'postHistory.CreationDate'), ('postHistory.PostHistoryTypeId', 'postHistory.UserId')]
2023-10-09 11:19:31,290 [INFO ]  calling pgm.BayesianModel.fit...
2023-10-09 11:19:31,353 [INFO ]  done, took 0.06245279312133789 secs.
2023-10-09 11:19:31,670 [INFO ]  Discretizing table takes 0.29547643661499023 secs
2023-10-09 11:19:31,670 [INFO ]  Learning BN optimal structure from data with 65512 rows and 9 cols
2023-10-09 11:19:32,729 [INFO ]  Structure learning took 1.0588593482971191 secs.
2023-10-09 11:19:32,732 [INFO ]  Model spec[('posts.AnswerCount', 'posts.PostTypeId'), ('posts.OwnerUserId', 'posts.CreationDate'), ('posts.Id', 'posts.Score'), ('posts.FavoriteCount', 'posts.ViewCount'), ('posts.ViewCount', 'posts.OwnerUserId'), ('posts.ViewCount', 'posts.AnswerCount'), ('posts.Id', 'posts.CommentCount'), ('posts.Id', 'posts.FavoriteCount')]
2023-10-09 11:19:32,732 [INFO ]  calling pgm.BayesianModel.fit...
2023-10-09 11:19:32,836 [INFO ]  done, took 0.1044614315032959 secs.
2023-10-09 11:19:34,187 [INFO ]  Discretizing table takes 1.338710069656372 secs
2023-10-09 11:19:34,187 [INFO ]  Learning BN optimal structure from data with 25878 rows and 6 cols
2023-10-09 11:19:34,482 [INFO ]  Structure learning took 0.2951853275299072 secs.
2023-10-09 11:19:34,486 [INFO ]  Model spec[('users.Id', 'users.Reputation'), ('users.Reputation', 'users.CreationDate'), ('users.Reputation', 'users.Views'), ('users.Reputation', 'users.UpVotes'), ('users.UpVotes', 'users.DownVotes')]
2023-10-09 11:19:34,486 [INFO ]  calling pgm.BayesianModel.fit...
2023-10-09 11:19:34,519 [INFO ]  done, took 0.03327775001525879 secs.
