2023-09-28 18:11:24,734 [INFO ]  Discretizing table takes 0.008588790893554688 secs
2023-09-28 18:11:24,734 [INFO ]  Learning BN optimal structure from data with 54920 rows and 2 cols
2023-09-28 18:11:24,890 [INFO ]  Structure learning took 0.1553053855895996 secs.
2023-09-28 18:11:24,891 [INFO ]  Model spec[('badges.UserId', 'badges.Date')]
2023-09-28 18:11:24,891 [INFO ]  calling pgm.BayesianModel.fit...
2023-09-28 18:11:24,909 [INFO ]  done, took 0.017984867095947266 secs.
2023-09-28 18:11:26,346 [INFO ]  Discretizing table takes 1.431687831878662 secs
2023-09-28 18:11:26,346 [INFO ]  Learning BN optimal structure from data with 245295 rows and 5 cols
2023-09-28 18:11:27,212 [INFO ]  Structure learning took 0.8660128116607666 secs.
2023-09-28 18:11:27,214 [INFO ]  Model spec[('votes.UserId', 'votes.VoteTypeId'), ('votes.PostId', 'votes.CreationDate'), ('votes.CreationDate', 'votes.UserId'), ('votes.VoteTypeId', 'votes.BountyAmount')]
2023-09-28 18:11:27,214 [INFO ]  calling pgm.BayesianModel.fit...
2023-09-28 18:11:27,289 [INFO ]  done, took 0.07533979415893555 secs.
2023-09-28 18:11:27,398 [INFO ]  Discretizing table takes 0.08855009078979492 secs
2023-09-28 18:11:27,398 [INFO ]  Learning BN optimal structure from data with 214690 rows and 4 cols
2023-09-28 18:11:28,539 [INFO ]  Structure learning took 1.1403789520263672 secs.
2023-09-28 18:11:28,541 [INFO ]  Model spec[('postHistory.CreationDate', 'postHistory.PostId'), ('postHistory.UserId', 'postHistory.CreationDate'), ('postHistory.PostHistoryTypeId', 'postHistory.UserId')]
2023-09-28 18:11:28,541 [INFO ]  calling pgm.BayesianModel.fit...
2023-09-28 18:11:28,603 [INFO ]  done, took 0.0613865852355957 secs.
2023-09-28 18:11:28,903 [INFO ]  Discretizing table takes 0.28836941719055176 secs
2023-09-28 18:11:28,903 [INFO ]  Learning BN optimal structure from data with 65512 rows and 9 cols
2023-09-28 18:11:29,949 [INFO ]  Structure learning took 1.0461533069610596 secs.
2023-09-28 18:11:29,953 [INFO ]  Model spec[('posts.AnswerCount', 'posts.PostTypeId'), ('posts.OwnerUserId', 'posts.CreationDate'), ('posts.Id', 'posts.Score'), ('posts.FavoriteCount', 'posts.ViewCount'), ('posts.ViewCount', 'posts.OwnerUserId'), ('posts.ViewCount', 'posts.AnswerCount'), ('posts.Id', 'posts.CommentCount'), ('posts.Id', 'posts.FavoriteCount')]
2023-09-28 18:11:29,953 [INFO ]  calling pgm.BayesianModel.fit...
2023-09-28 18:11:30,057 [INFO ]  done, took 0.10464048385620117 secs.
2023-09-28 18:11:31,403 [INFO ]  Discretizing table takes 1.3342719078063965 secs
2023-09-28 18:11:31,403 [INFO ]  Learning BN optimal structure from data with 25878 rows and 6 cols
2023-09-28 18:11:31,692 [INFO ]  Structure learning took 0.28885507583618164 secs.
2023-09-28 18:11:31,696 [INFO ]  Model spec[('users.Id', 'users.Reputation'), ('users.Reputation', 'users.CreationDate'), ('users.Reputation', 'users.Views'), ('users.Reputation', 'users.UpVotes'), ('users.UpVotes', 'users.DownVotes')]
2023-09-28 18:11:31,696 [INFO ]  calling pgm.BayesianModel.fit...
2023-09-28 18:11:31,730 [INFO ]  done, took 0.034087181091308594 secs.
2023-09-28 18:11:31,826 [INFO ]  Discretizing table takes 0.08012676239013672 secs
2023-09-28 18:11:31,826 [INFO ]  Learning BN optimal structure from data with 126884 rows and 4 cols
2023-09-28 18:11:32,481 [INFO ]  Structure learning took 0.6538548469543457 secs.
2023-09-28 18:11:32,483 [INFO ]  Model spec[('comments.UserId', 'comments.Score'), ('comments.PostId', 'comments.CreationDate'), ('comments.CreationDate', 'comments.UserId')]
2023-09-28 18:11:32,483 [INFO ]  calling pgm.BayesianModel.fit...
2023-09-28 18:11:32,529 [INFO ]  done, took 0.0461580753326416 secs.
2023-09-28 18:11:32,547 [INFO ]  Discretizing table takes 0.012907981872558594 secs
2023-09-28 18:11:32,547 [INFO ]  Learning BN optimal structure from data with 7191 rows and 4 cols
2023-09-28 18:11:32,678 [INFO ]  Structure learning took 0.13071751594543457 secs.
2023-09-28 18:11:32,679 [INFO ]  Model spec[('postLinks.CreationDate', 'postLinks.PostId'), ('postLinks.CreationDate', 'postLinks.RelatedPostId'), ('postLinks.CreationDate', 'postLinks.LinkTypeId')]
2023-09-28 18:11:32,679 [INFO ]  calling pgm.BayesianModel.fit...
2023-09-28 18:11:32,702 [INFO ]  done, took 0.023324012756347656 secs.
2023-09-28 18:11:32,711 [INFO ]  Discretizing table takes 0.004763603210449219 secs
2023-09-28 18:11:32,711 [INFO ]  Learning BN optimal structure from data with 1032 rows and 2 cols
2023-09-28 18:11:32,715 [INFO ]  Structure learning took 0.003944873809814453 secs.
2023-09-28 18:11:32,715 [INFO ]  Model spec[('tags.Count', 'tags.ExcerptPostId')]
2023-09-28 18:11:32,715 [INFO ]  calling pgm.BayesianModel.fit...
2023-09-28 18:11:32,724 [INFO ]  done, took 0.008261442184448242 secs.
