2023-09-28 18:03:52,702 [INFO ]  Discretizing table takes 0.008616924285888672 secs
2023-09-28 18:03:52,702 [INFO ]  Learning BN optimal structure from data with 54920 rows and 2 cols
2023-09-28 18:03:52,860 [INFO ]  Structure learning took 0.15817499160766602 secs.
2023-09-28 18:03:52,861 [INFO ]  Model spec[('badges.UserId', 'badges.Date')]
2023-09-28 18:03:52,862 [INFO ]  calling pgm.BayesianModel.fit...
2023-09-28 18:03:52,879 [INFO ]  done, took 0.01753067970275879 secs.
2023-09-28 18:03:54,303 [INFO ]  Discretizing table takes 1.41845703125 secs
2023-09-28 18:03:54,303 [INFO ]  Learning BN optimal structure from data with 245295 rows and 5 cols
2023-09-28 18:03:55,194 [INFO ]  Structure learning took 0.8907010555267334 secs.
2023-09-28 18:03:55,195 [INFO ]  Model spec[('votes.UserId', 'votes.VoteTypeId'), ('votes.PostId', 'votes.CreationDate'), ('votes.CreationDate', 'votes.UserId'), ('votes.VoteTypeId', 'votes.BountyAmount')]
2023-09-28 18:03:55,196 [INFO ]  calling pgm.BayesianModel.fit...
2023-09-28 18:03:55,270 [INFO ]  done, took 0.07406330108642578 secs.
2023-09-28 18:03:55,380 [INFO ]  Discretizing table takes 0.0899648666381836 secs
2023-09-28 18:03:55,380 [INFO ]  Learning BN optimal structure from data with 214690 rows and 4 cols
2023-09-28 18:03:56,545 [INFO ]  Structure learning took 1.1649925708770752 secs.
2023-09-28 18:03:56,547 [INFO ]  Model spec[('postHistory.CreationDate', 'postHistory.PostId'), ('postHistory.UserId', 'postHistory.CreationDate'), ('postHistory.PostHistoryTypeId', 'postHistory.UserId')]
2023-09-28 18:03:56,547 [INFO ]  calling pgm.BayesianModel.fit...
2023-09-28 18:03:56,609 [INFO ]  done, took 0.06126046180725098 secs.
2023-09-28 18:03:56,908 [INFO ]  Discretizing table takes 0.28696274757385254 secs
2023-09-28 18:03:56,908 [INFO ]  Learning BN optimal structure from data with 65512 rows and 9 cols
2023-09-28 18:03:57,977 [INFO ]  Structure learning took 1.06907320022583 secs.
2023-09-28 18:03:57,980 [INFO ]  Model spec[('posts.AnswerCount', 'posts.PostTypeId'), ('posts.OwnerUserId', 'posts.CreationDate'), ('posts.Id', 'posts.Score'), ('posts.FavoriteCount', 'posts.ViewCount'), ('posts.ViewCount', 'posts.OwnerUserId'), ('posts.ViewCount', 'posts.AnswerCount'), ('posts.Id', 'posts.CommentCount'), ('posts.Id', 'posts.FavoriteCount')]
2023-09-28 18:03:57,981 [INFO ]  calling pgm.BayesianModel.fit...
2023-09-28 18:03:58,084 [INFO ]  done, took 0.10365581512451172 secs.
2023-09-28 18:03:59,421 [INFO ]  Discretizing table takes 1.325594425201416 secs
2023-09-28 18:03:59,421 [INFO ]  Learning BN optimal structure from data with 25878 rows and 6 cols
2023-09-28 18:03:59,715 [INFO ]  Structure learning took 0.29334020614624023 secs.
2023-09-28 18:03:59,718 [INFO ]  Model spec[('users.Id', 'users.Reputation'), ('users.Reputation', 'users.CreationDate'), ('users.Reputation', 'users.Views'), ('users.Reputation', 'users.UpVotes'), ('users.UpVotes', 'users.DownVotes')]
2023-09-28 18:03:59,719 [INFO ]  calling pgm.BayesianModel.fit...
2023-09-28 18:03:59,754 [INFO ]  done, took 0.03436875343322754 secs.
