2024-01-23 16:27:26,837 [INFO ]  Discretizing table takes 0.010415315628051758 secs
2024-01-23 16:27:26,837 [INFO ]  Learning BN optimal structure from data with 79851 rows and 2 cols
2024-01-23 16:27:27,070 [INFO ]  Structure learning took 0.23311233520507812 secs.
2024-01-23 16:27:27,073 [INFO ]  Model spec[('badges.UserId', 'badges.Date')]
2024-01-23 16:27:27,073 [INFO ]  calling pgm.BayesianModel.fit...
2024-01-23 16:27:27,126 [INFO ]  done, took 0.052880287170410156 secs.
2024-01-23 16:27:28,998 [INFO ]  Discretizing table takes 1.8662893772125244 secs
2024-01-23 16:27:28,998 [INFO ]  Learning BN optimal structure from data with 328064 rows and 5 cols
2024-01-23 16:27:30,338 [INFO ]  Structure learning took 1.3393440246582031 secs.
2024-01-23 16:27:30,340 [INFO ]  Model spec[('votes.PostId', 'votes.VoteTypeId'), ('votes.PostId', 'votes.CreationDate'), ('votes.VoteTypeId', 'votes.UserId'), ('votes.VoteTypeId', 'votes.BountyAmount')]
2024-01-23 16:27:30,340 [INFO ]  calling pgm.BayesianModel.fit...
2024-01-23 16:27:30,430 [INFO ]  done, took 0.08968567848205566 secs.
2024-01-23 16:27:30,515 [INFO ]  Discretizing table takes 0.07600545883178711 secs
2024-01-23 16:27:30,515 [INFO ]  Learning BN optimal structure from data with 303187 rows and 4 cols
2024-01-23 16:27:32,660 [INFO ]  Structure learning took 2.144665002822876 secs.
2024-01-23 16:27:32,667 [INFO ]  Model spec[('postHistory.UserId', 'postHistory.PostId'), ('postHistory.UserId', 'postHistory.CreationDate'), ('postHistory.PostHistoryTypeId', 'postHistory.UserId')]
2024-01-23 16:27:32,667 [INFO ]  calling pgm.BayesianModel.fit...
2024-01-23 16:27:32,748 [INFO ]  done, took 0.08156108856201172 secs.
2024-01-23 16:27:33,042 [INFO ]  Discretizing table takes 0.28600549697875977 secs
2024-01-23 16:27:33,042 [INFO ]  Learning BN optimal structure from data with 91976 rows and 9 cols
2024-01-23 16:27:34,733 [INFO ]  Structure learning took 1.6916656494140625 secs.
2024-01-23 16:27:34,743 [INFO ]  Model spec[('posts.AnswerCount', 'posts.PostTypeId'), ('posts.OwnerUserId', 'posts.CreationDate'), ('posts.Id', 'posts.Score'), ('posts.Id', 'posts.ViewCount'), ('posts.Id', 'posts.OwnerUserId'), ('posts.ViewCount', 'posts.AnswerCount'), ('posts.Id', 'posts.CommentCount'), ('posts.Id', 'posts.FavoriteCount')]
2024-01-23 16:27:34,743 [INFO ]  calling pgm.BayesianModel.fit...
2024-01-23 16:27:34,867 [INFO ]  done, took 0.12434530258178711 secs.
2024-01-23 16:27:36,219 [INFO ]  Discretizing table takes 1.346010684967041 secs
2024-01-23 16:27:36,219 [INFO ]  Learning BN optimal structure from data with 40325 rows and 6 cols
2024-01-23 16:27:36,695 [INFO ]  Structure learning took 0.47578859329223633 secs.
2024-01-23 16:27:36,701 [INFO ]  Model spec[('users.Id', 'users.Reputation'), ('users.Reputation', 'users.CreationDate'), ('users.Id', 'users.Views'), ('users.Reputation', 'users.UpVotes'), ('users.Id', 'users.DownVotes')]
2024-01-23 16:27:36,701 [INFO ]  calling pgm.BayesianModel.fit...
2024-01-23 16:27:36,739 [INFO ]  done, took 0.038077354431152344 secs.
2024-01-23 16:27:36,816 [INFO ]  Discretizing table takes 0.06792020797729492 secs
2024-01-23 16:27:36,816 [INFO ]  Learning BN optimal structure from data with 174305 rows and 4 cols
2024-01-23 16:27:37,947 [INFO ]  Structure learning took 1.1308927536010742 secs.
2024-01-23 16:27:37,953 [INFO ]  Model spec[('comments.UserId', 'comments.Score'), ('comments.PostId', 'comments.CreationDate'), ('comments.CreationDate', 'comments.UserId')]
2024-01-23 16:27:37,953 [INFO ]  calling pgm.BayesianModel.fit...
2024-01-23 16:27:38,048 [INFO ]  done, took 0.09463691711425781 secs.
2024-01-23 16:27:38,059 [INFO ]  Discretizing table takes 0.00838923454284668 secs
2024-01-23 16:27:38,059 [INFO ]  Learning BN optimal structure from data with 11102 rows and 4 cols
2024-01-23 16:27:38,231 [INFO ]  Structure learning took 0.17212867736816406 secs.
2024-01-23 16:27:38,234 [INFO ]  Model spec[('postLinks.CreationDate', 'postLinks.PostId'), ('postLinks.CreationDate', 'postLinks.RelatedPostId'), ('postLinks.CreationDate', 'postLinks.LinkTypeId')]
2024-01-23 16:27:38,234 [INFO ]  calling pgm.BayesianModel.fit...
2024-01-23 16:27:38,302 [INFO ]  done, took 0.06734752655029297 secs.
2024-01-23 16:27:38,308 [INFO ]  Discretizing table takes 0.00468754768371582 secs
2024-01-23 16:27:38,308 [INFO ]  Learning BN optimal structure from data with 1032 rows and 2 cols
2024-01-23 16:27:38,316 [INFO ]  Structure learning took 0.008429527282714844 secs.
2024-01-23 16:27:38,317 [INFO ]  Model spec[('tags.Count', 'tags.ExcerptPostId')]
2024-01-23 16:27:38,317 [INFO ]  calling pgm.BayesianModel.fit...
2024-01-23 16:27:38,326 [INFO ]  done, took 0.009288311004638672 secs.
