2023-09-28 18:28:34,335 [INFO ]  Discretizing table takes 0.008794307708740234 secs
2023-09-28 18:28:34,335 [INFO ]  Learning BN optimal structure from data with 54920 rows and 2 cols
2023-09-28 18:28:34,495 [INFO ]  Structure learning took 0.16032934188842773 secs.
2023-09-28 18:28:34,497 [INFO ]  Model spec[('badges.UserId', 'badges.Date')]
2023-09-28 18:28:34,497 [INFO ]  calling pgm.BayesianModel.fit...
2023-09-28 18:28:34,515 [INFO ]  done, took 0.01789069175720215 secs.
2023-09-28 18:28:35,961 [INFO ]  Discretizing table takes 1.4395496845245361 secs
2023-09-28 18:28:35,961 [INFO ]  Learning BN optimal structure from data with 245295 rows and 5 cols
2023-09-28 18:28:36,840 [INFO ]  Structure learning took 0.879500150680542 secs.
2023-09-28 18:28:36,842 [INFO ]  Model spec[('votes.UserId', 'votes.VoteTypeId'), ('votes.PostId', 'votes.CreationDate'), ('votes.CreationDate', 'votes.UserId'), ('votes.VoteTypeId', 'votes.BountyAmount')]
2023-09-28 18:28:36,842 [INFO ]  calling pgm.BayesianModel.fit...
2023-09-28 18:28:36,921 [INFO ]  done, took 0.07861948013305664 secs.
2023-09-28 18:28:37,031 [INFO ]  Discretizing table takes 0.0901484489440918 secs
2023-09-28 18:28:37,031 [INFO ]  Learning BN optimal structure from data with 214690 rows and 4 cols
2023-09-28 18:28:38,195 [INFO ]  Structure learning took 1.164052963256836 secs.
2023-09-28 18:28:38,198 [INFO ]  Model spec[('postHistory.CreationDate', 'postHistory.PostId'), ('postHistory.UserId', 'postHistory.CreationDate'), ('postHistory.PostHistoryTypeId', 'postHistory.UserId')]
2023-09-28 18:28:38,198 [INFO ]  calling pgm.BayesianModel.fit...
2023-09-28 18:28:38,259 [INFO ]  done, took 0.06118440628051758 secs.
2023-09-28 18:28:38,560 [INFO ]  Discretizing table takes 0.28864574432373047 secs
2023-09-28 18:28:38,560 [INFO ]  Learning BN optimal structure from data with 65512 rows and 9 cols
2023-09-28 18:28:39,636 [INFO ]  Structure learning took 1.075551986694336 secs.
2023-09-28 18:28:39,639 [INFO ]  Model spec[('posts.AnswerCount', 'posts.PostTypeId'), ('posts.OwnerUserId', 'posts.CreationDate'), ('posts.Id', 'posts.Score'), ('posts.FavoriteCount', 'posts.ViewCount'), ('posts.ViewCount', 'posts.OwnerUserId'), ('posts.ViewCount', 'posts.AnswerCount'), ('posts.Id', 'posts.CommentCount'), ('posts.Id', 'posts.FavoriteCount')]
2023-09-28 18:28:39,639 [INFO ]  calling pgm.BayesianModel.fit...
2023-09-28 18:28:39,746 [INFO ]  done, took 0.10667562484741211 secs.
2023-09-28 18:28:41,101 [INFO ]  Discretizing table takes 1.3428306579589844 secs
2023-09-28 18:28:41,101 [INFO ]  Learning BN optimal structure from data with 25878 rows and 6 cols
2023-09-28 18:28:41,395 [INFO ]  Structure learning took 0.2946019172668457 secs.
2023-09-28 18:28:41,399 [INFO ]  Model spec[('users.Id', 'users.Reputation'), ('users.Reputation', 'users.CreationDate'), ('users.Reputation', 'users.Views'), ('users.Reputation', 'users.UpVotes'), ('users.UpVotes', 'users.DownVotes')]
2023-09-28 18:28:41,399 [INFO ]  calling pgm.BayesianModel.fit...
2023-09-28 18:28:41,434 [INFO ]  done, took 0.03547263145446777 secs.
2023-09-28 18:28:41,531 [INFO ]  Discretizing table takes 0.07990336418151855 secs
2023-09-28 18:28:41,531 [INFO ]  Learning BN optimal structure from data with 126884 rows and 4 cols
2023-09-28 18:28:42,201 [INFO ]  Structure learning took 0.6694462299346924 secs.
2023-09-28 18:28:42,203 [INFO ]  Model spec[('comments.UserId', 'comments.Score'), ('comments.PostId', 'comments.CreationDate'), ('comments.CreationDate', 'comments.UserId')]
2023-09-28 18:28:42,203 [INFO ]  calling pgm.BayesianModel.fit...
2023-09-28 18:28:42,277 [INFO ]  done, took 0.07398819923400879 secs.
2023-09-28 18:28:42,295 [INFO ]  Discretizing table takes 0.012750387191772461 secs
2023-09-28 18:28:42,295 [INFO ]  Learning BN optimal structure from data with 7191 rows and 4 cols
2023-09-28 18:28:42,404 [INFO ]  Structure learning took 0.10885047912597656 secs.
2023-09-28 18:28:42,405 [INFO ]  Model spec[('postLinks.CreationDate', 'postLinks.PostId'), ('postLinks.CreationDate', 'postLinks.RelatedPostId'), ('postLinks.CreationDate', 'postLinks.LinkTypeId')]
2023-09-28 18:28:42,405 [INFO ]  calling pgm.BayesianModel.fit...
2023-09-28 18:28:42,429 [INFO ]  done, took 0.02385425567626953 secs.
2023-09-28 18:28:42,438 [INFO ]  Discretizing table takes 0.00493168830871582 secs
2023-09-28 18:28:42,438 [INFO ]  Learning BN optimal structure from data with 1032 rows and 2 cols
2023-09-28 18:28:42,442 [INFO ]  Structure learning took 0.003740549087524414 secs.
2023-09-28 18:28:42,442 [INFO ]  Model spec[('tags.Count', 'tags.ExcerptPostId')]
2023-09-28 18:28:42,442 [INFO ]  calling pgm.BayesianModel.fit...
2023-09-28 18:28:42,451 [INFO ]  done, took 0.008466958999633789 secs.
2023-09-28 18:28:44,075 [WARNI]  Replacing existing CPD for badges.Date
2023-09-28 18:28:44,075 [WARNI]  Replacing existing CPD for badges.UserId
